{"/Users/hujianbo/github/upload-component/src/upload/index.tsx": {"path":"/Users/hujianbo/github/upload-component/src/upload/index.tsx","all":false,"statementMap":{"0":{"start":{"line":1,"column":0},"end":{"line":1,"column":15}},"1":{"start":{"line":2,"column":0},"end":{"line":2,"column":14}},"2":{"start":{"line":3,"column":0},"end":{"line":3,"column":21}},"3":{"start":{"line":4,"column":0},"end":{"line":4,"column":9}},"4":{"start":{"line":5,"column":0},"end":{"line":5,"column":11}},"5":{"start":{"line":6,"column":0},"end":{"line":6,"column":15}},"6":{"start":{"line":7,"column":0},"end":{"line":7,"column":28}},"7":{"start":{"line":8,"column":0},"end":{"line":8,"column":20}},"8":{"start":{"line":9,"column":0},"end":{"line":9,"column":12}},"9":{"start":{"line":10,"column":0},"end":{"line":10,"column":15}},"10":{"start":{"line":11,"column":0},"end":{"line":11,"column":17}},"11":{"start":{"line":12,"column":0},"end":{"line":12,"column":1}},"12":{"start":{"line":13,"column":0},"end":{"line":13,"column":0}},"13":{"start":{"line":14,"column":0},"end":{"line":14,"column":25}},"14":{"start":{"line":15,"column":0},"end":{"line":15,"column":0}},"15":{"start":{"line":16,"column":0},"end":{"line":16,"column":66}},"16":{"start":{"line":17,"column":0},"end":{"line":17,"column":50}},"17":{"start":{"line":18,"column":0},"end":{"line":18,"column":61}},"18":{"start":{"line":19,"column":0},"end":{"line":19,"column":55}},"19":{"start":{"line":20,"column":0},"end":{"line":20,"column":26}},"20":{"start":{"line":21,"column":0},"end":{"line":21,"column":29}},"21":{"start":{"line":22,"column":0},"end":{"line":22,"column":4}},"22":{"start":{"line":23,"column":0},"end":{"line":23,"column":39}},"23":{"start":{"line":24,"column":0},"end":{"line":24,"column":36}},"24":{"start":{"line":25,"column":0},"end":{"line":25,"column":45}},"25":{"start":{"line":26,"column":0},"end":{"line":26,"column":30}},"26":{"start":{"line":27,"column":0},"end":{"line":27,"column":54}},"27":{"start":{"line":28,"column":0},"end":{"line":28,"column":8}},"28":{"start":{"line":29,"column":0},"end":{"line":29,"column":33}},"29":{"start":{"line":30,"column":0},"end":{"line":30,"column":7}},"30":{"start":{"line":31,"column":0},"end":{"line":31,"column":4}},"31":{"start":{"line":32,"column":0},"end":{"line":32,"column":0}},"32":{"start":{"line":33,"column":0},"end":{"line":33,"column":53}},"33":{"start":{"line":34,"column":0},"end":{"line":34,"column":45}},"34":{"start":{"line":35,"column":0},"end":{"line":35,"column":0}},"35":{"start":{"line":36,"column":0},"end":{"line":36,"column":27}},"36":{"start":{"line":37,"column":0},"end":{"line":37,"column":66}},"37":{"start":{"line":38,"column":0},"end":{"line":38,"column":29}},"38":{"start":{"line":39,"column":0},"end":{"line":39,"column":20}},"39":{"start":{"line":40,"column":0},"end":{"line":40,"column":26}},"40":{"start":{"line":41,"column":0},"end":{"line":41,"column":37}},"41":{"start":{"line":42,"column":0},"end":{"line":42,"column":11}},"42":{"start":{"line":43,"column":0},"end":{"line":43,"column":9}},"43":{"start":{"line":44,"column":0},"end":{"line":44,"column":32}},"44":{"start":{"line":45,"column":0},"end":{"line":45,"column":12}},"45":{"start":{"line":46,"column":0},"end":{"line":46,"column":66}},"46":{"start":{"line":47,"column":0},"end":{"line":47,"column":48}},"47":{"start":{"line":48,"column":0},"end":{"line":48,"column":20}},"48":{"start":{"line":49,"column":0},"end":{"line":49,"column":26}},"49":{"start":{"line":50,"column":0},"end":{"line":50,"column":37}},"50":{"start":{"line":51,"column":0},"end":{"line":51,"column":11}},"51":{"start":{"line":52,"column":0},"end":{"line":52,"column":9}},"52":{"start":{"line":53,"column":0},"end":{"line":53,"column":32}},"53":{"start":{"line":54,"column":0},"end":{"line":54,"column":26}},"54":{"start":{"line":55,"column":0},"end":{"line":55,"column":5}},"55":{"start":{"line":56,"column":0},"end":{"line":56,"column":11}},"56":{"start":{"line":57,"column":0},"end":{"line":57,"column":4}},"57":{"start":{"line":58,"column":0},"end":{"line":58,"column":67}},"58":{"start":{"line":59,"column":0},"end":{"line":59,"column":39}},"59":{"start":{"line":60,"column":0},"end":{"line":60,"column":33}},"60":{"start":{"line":61,"column":0},"end":{"line":61,"column":11}},"61":{"start":{"line":62,"column":0},"end":{"line":62,"column":4}},"62":{"start":{"line":63,"column":0},"end":{"line":63,"column":55}},"63":{"start":{"line":64,"column":0},"end":{"line":64,"column":64}},"64":{"start":{"line":65,"column":0},"end":{"line":65,"column":38}},"65":{"start":{"line":66,"column":0},"end":{"line":66,"column":7}},"66":{"start":{"line":67,"column":0},"end":{"line":67,"column":30}},"67":{"start":{"line":68,"column":0},"end":{"line":68,"column":4}},"68":{"start":{"line":69,"column":0},"end":{"line":69,"column":56}},"69":{"start":{"line":70,"column":0},"end":{"line":70,"column":27}},"70":{"start":{"line":71,"column":0},"end":{"line":71,"column":15}},"71":{"start":{"line":72,"column":0},"end":{"line":72,"column":4}},"72":{"start":{"line":73,"column":0},"end":{"line":73,"column":10}},"73":{"start":{"line":74,"column":0},"end":{"line":74,"column":40}},"74":{"start":{"line":75,"column":0},"end":{"line":75,"column":12}},"75":{"start":{"line":76,"column":0},"end":{"line":76,"column":19}},"76":{"start":{"line":77,"column":0},"end":{"line":77,"column":35}},"77":{"start":{"line":78,"column":0},"end":{"line":78,"column":22}},"78":{"start":{"line":79,"column":0},"end":{"line":79,"column":74}},"79":{"start":{"line":80,"column":0},"end":{"line":80,"column":30}},"80":{"start":{"line":81,"column":0},"end":{"line":81,"column":8}},"81":{"start":{"line":82,"column":0},"end":{"line":82,"column":40}},"82":{"start":{"line":83,"column":0},"end":{"line":83,"column":11}},"83":{"start":{"line":84,"column":0},"end":{"line":84,"column":41}},"84":{"start":{"line":85,"column":0},"end":{"line":85,"column":18}},"85":{"start":{"line":86,"column":0},"end":{"line":86,"column":35}},"86":{"start":{"line":87,"column":0},"end":{"line":87,"column":18}},"87":{"start":{"line":88,"column":0},"end":{"line":88,"column":33}},"88":{"start":{"line":89,"column":0},"end":{"line":89,"column":29}},"89":{"start":{"line":90,"column":0},"end":{"line":90,"column":46}},"90":{"start":{"line":91,"column":0},"end":{"line":91,"column":16}},"91":{"start":{"line":92,"column":0},"end":{"line":92,"column":18}},"92":{"start":{"line":93,"column":0},"end":{"line":93,"column":47}},"93":{"start":{"line":94,"column":0},"end":{"line":94,"column":32}},"94":{"start":{"line":95,"column":0},"end":{"line":95,"column":41}},"95":{"start":{"line":96,"column":0},"end":{"line":96,"column":18}},"96":{"start":{"line":97,"column":0},"end":{"line":97,"column":15}},"97":{"start":{"line":98,"column":0},"end":{"line":98,"column":22}},"98":{"start":{"line":99,"column":0},"end":{"line":99,"column":20}},"99":{"start":{"line":100,"column":0},"end":{"line":100,"column":18}},"100":{"start":{"line":101,"column":0},"end":{"line":101,"column":32}},"101":{"start":{"line":102,"column":0},"end":{"line":102,"column":40}},"102":{"start":{"line":103,"column":0},"end":{"line":103,"column":18}},"103":{"start":{"line":104,"column":0},"end":{"line":104,"column":15}},"104":{"start":{"line":105,"column":0},"end":{"line":105,"column":22}},"105":{"start":{"line":106,"column":0},"end":{"line":106,"column":20}},"106":{"start":{"line":107,"column":0},"end":{"line":107,"column":18}},"107":{"start":{"line":108,"column":0},"end":{"line":108,"column":12}},"108":{"start":{"line":109,"column":0},"end":{"line":109,"column":11}},"109":{"start":{"line":110,"column":0},"end":{"line":110,"column":12}},"110":{"start":{"line":111,"column":0},"end":{"line":111,"column":10}},"111":{"start":{"line":112,"column":0},"end":{"line":112,"column":4}},"112":{"start":{"line":113,"column":0},"end":{"line":113,"column":2}},"113":{"start":{"line":114,"column":0},"end":{"line":114,"column":0}},"114":{"start":{"line":115,"column":0},"end":{"line":115,"column":22}}},"s":{"0":1,"1":1,"2":1,"3":1,"4":1,"5":1,"6":1,"7":1,"8":1,"9":1,"10":1,"11":1,"12":1,"13":1,"14":1,"15":1,"16":11,"17":11,"18":11,"19":11,"20":3,"21":3,"22":11,"23":4,"24":4,"25":4,"26":4,"27":4,"28":4,"29":4,"30":4,"31":11,"32":11,"33":4,"34":4,"35":4,"36":1,"37":3,"38":3,"39":3,"40":3,"41":3,"42":3,"43":1,"44":1,"45":1,"46":1,"47":1,"48":1,"49":1,"50":1,"51":1,"52":1,"53":1,"54":1,"55":4,"56":4,"57":11,"58":4,"59":4,"60":4,"61":4,"62":11,"63":1,"64":1,"65":1,"66":1,"67":1,"68":11,"69":1,"70":1,"71":1,"72":11,"73":11,"74":11,"75":11,"76":11,"77":11,"78":11,"79":11,"80":11,"81":11,"82":11,"83":11,"84":6,"85":6,"86":6,"87":6,"88":6,"89":6,"90":6,"91":6,"92":6,"93":6,"94":1,"95":1,"96":6,"97":6,"98":6,"99":6,"100":6,"101":1,"102":1,"103":6,"104":6,"105":6,"106":6,"107":6,"108":6,"109":11,"110":11,"111":11,"112":11,"113":1,"114":1},"branchMap":{"0":{"type":"branch","line":16,"loc":{"start":{"line":16,"column":55},"end":{"line":113,"column":2}},"locations":[{"start":{"line":16,"column":55},"end":{"line":113,"column":2}}]},"1":{"type":"branch","line":20,"loc":{"start":{"line":20,"column":19},"end":{"line":22,"column":4}},"locations":[{"start":{"line":20,"column":19},"end":{"line":22,"column":4}}]},"2":{"type":"branch","line":23,"loc":{"start":{"line":23,"column":23},"end":{"line":31,"column":4}},"locations":[{"start":{"line":23,"column":23},"end":{"line":31,"column":4}}]},"3":{"type":"branch","line":25,"loc":{"start":{"line":25,"column":23},"end":{"line":30,"column":7}},"locations":[{"start":{"line":25,"column":23},"end":{"line":30,"column":7}}]},"4":{"type":"branch","line":26,"loc":{"start":{"line":26,"column":23},"end":{"line":28,"column":8}},"locations":[{"start":{"line":26,"column":23},"end":{"line":28,"column":8}}]},"5":{"type":"branch","line":33,"loc":{"start":{"line":33,"column":20},"end":{"line":33,"column":23}},"locations":[{"start":{"line":33,"column":20},"end":{"line":33,"column":23}}]},"6":{"type":"branch","line":33,"loc":{"start":{"line":33,"column":23},"end":{"line":57,"column":4}},"locations":[{"start":{"line":33,"column":23},"end":{"line":57,"column":4}}]},"7":{"type":"branch","line":36,"loc":{"start":{"line":36,"column":26},"end":{"line":45,"column":11}},"locations":[{"start":{"line":36,"column":26},"end":{"line":45,"column":11}}]},"8":{"type":"branch","line":36,"loc":{"start":{"line":36,"column":4},"end":{"line":55,"column":5}},"locations":[{"start":{"line":36,"column":4},"end":{"line":55,"column":5}}]},"9":{"type":"branch","line":37,"loc":{"start":{"line":37,"column":46},"end":{"line":43,"column":9}},"locations":[{"start":{"line":37,"column":46},"end":{"line":43,"column":9}}]},"10":{"type":"branch","line":46,"loc":{"start":{"line":46,"column":46},"end":{"line":52,"column":9}},"locations":[{"start":{"line":46,"column":46},"end":{"line":52,"column":9}}]},"11":{"type":"branch","line":33,"loc":{"start":{"line":33,"column":20},"end":{"line":33,"column":23}},"locations":[{"start":{"line":33,"column":20},"end":{"line":33,"column":23}}]},"12":{"type":"branch","line":58,"loc":{"start":{"line":58,"column":19},"end":{"line":58,"column":22}},"locations":[{"start":{"line":58,"column":19},"end":{"line":58,"column":22}}]},"13":{"type":"branch","line":58,"loc":{"start":{"line":58,"column":22},"end":{"line":62,"column":4}},"locations":[{"start":{"line":58,"column":22},"end":{"line":62,"column":4}}]},"14":{"type":"branch","line":58,"loc":{"start":{"line":58,"column":19},"end":{"line":58,"column":22}},"locations":[{"start":{"line":58,"column":19},"end":{"line":58,"column":22}}]},"15":{"type":"branch","line":63,"loc":{"start":{"line":63,"column":19},"end":{"line":68,"column":4}},"locations":[{"start":{"line":63,"column":19},"end":{"line":68,"column":4}}]},"16":{"type":"branch","line":64,"loc":{"start":{"line":64,"column":44},"end":{"line":66,"column":7}},"locations":[{"start":{"line":64,"column":44},"end":{"line":66,"column":7}}]},"17":{"type":"branch","line":69,"loc":{"start":{"line":69,"column":20},"end":{"line":72,"column":4}},"locations":[{"start":{"line":69,"column":20},"end":{"line":72,"column":4}}]},"18":{"type":"branch","line":84,"loc":{"start":{"line":84,"column":23},"end":{"line":109,"column":11}},"locations":[{"start":{"line":84,"column":23},"end":{"line":109,"column":11}}]},"19":{"type":"branch","line":94,"loc":{"start":{"line":94,"column":25},"end":{"line":96,"column":18}},"locations":[{"start":{"line":94,"column":25},"end":{"line":96,"column":18}}]},"20":{"type":"branch","line":101,"loc":{"start":{"line":101,"column":25},"end":{"line":103,"column":18}},"locations":[{"start":{"line":101,"column":25},"end":{"line":103,"column":18}}]}},"b":{"0":[11],"1":[3],"2":[4],"3":[4],"4":[4],"5":[11],"6":[4],"7":[3],"8":[1],"9":[3],"10":[1],"11":[4],"12":[11],"13":[4],"14":[4],"15":[1],"16":[1],"17":[1],"18":[6],"19":[1],"20":[1]},"fnMap":{"0":{"name":"Upload","decl":{"start":{"line":16,"column":55},"end":{"line":113,"column":2}},"loc":{"start":{"line":16,"column":55},"end":{"line":113,"column":2}},"line":16},"1":{"name":"onUpload","decl":{"start":{"line":20,"column":19},"end":{"line":22,"column":4}},"loc":{"start":{"line":20,"column":19},"end":{"line":22,"column":4}},"line":20},"2":{"name":"readImgData","decl":{"start":{"line":23,"column":23},"end":{"line":31,"column":4}},"loc":{"start":{"line":23,"column":23},"end":{"line":31,"column":4}},"line":23},"3":{"name":"reader.onload","decl":{"start":{"line":26,"column":23},"end":{"line":28,"column":8}},"loc":{"start":{"line":26,"column":23},"end":{"line":28,"column":8}},"line":26},"4":{"name":"handleChange","decl":{"start":{"line":33,"column":20},"end":{"line":33,"column":23}},"loc":{"start":{"line":33,"column":20},"end":{"line":33,"column":23}},"line":33},"5":{"name":"inputChagne","decl":{"start":{"line":58,"column":19},"end":{"line":58,"column":22}},"loc":{"start":{"line":58,"column":19},"end":{"line":58,"column":22}},"line":58},"6":{"name":"onRemove","decl":{"start":{"line":63,"column":19},"end":{"line":68,"column":4}},"loc":{"start":{"line":63,"column":19},"end":{"line":68,"column":4}},"line":63},"7":{"name":"changeImg","decl":{"start":{"line":69,"column":20},"end":{"line":72,"column":4}},"loc":{"start":{"line":69,"column":20},"end":{"line":72,"column":4}},"line":69},"8":{"name":"onClick","decl":{"start":{"line":94,"column":25},"end":{"line":96,"column":18}},"loc":{"start":{"line":94,"column":25},"end":{"line":96,"column":18}},"line":94},"9":{"name":"onClick","decl":{"start":{"line":101,"column":25},"end":{"line":103,"column":18}},"loc":{"start":{"line":101,"column":25},"end":{"line":103,"column":18}},"line":101}},"f":{"0":11,"1":3,"2":4,"3":4,"4":4,"5":4,"6":1,"7":1,"8":1,"9":1}}
}
