TN:
SF:src/upload/index.tsx
FN:16,Upload
FN:20,onUpload
FN:23,readImgData
FN:26,reader.onload
FN:33,handleChange
FN:58,inputChagne
FN:63,onRemove
FN:69,changeImg
FN:94,onClick
FN:101,onClick
FNF:10
FNH:10
FNDA:11,Upload
FNDA:3,onUpload
FNDA:4,readImgData
FNDA:4,reader.onload
FNDA:4,handleChange
FNDA:4,inputChagne
FNDA:1,onRemove
FNDA:1,changeImg
FNDA:1,onClick
FNDA:1,onClick
DA:1,1
DA:2,1
DA:3,1
DA:4,1
DA:5,1
DA:6,1
DA:7,1
DA:8,1
DA:9,1
DA:10,1
DA:11,1
DA:12,1
DA:13,1
DA:14,1
DA:15,1
DA:16,1
DA:17,11
DA:18,11
DA:19,11
DA:20,11
DA:21,3
DA:22,3
DA:23,11
DA:24,4
DA:25,4
DA:26,4
DA:27,4
DA:28,4
DA:29,4
DA:30,4
DA:31,4
DA:32,11
DA:33,11
DA:34,4
DA:35,4
DA:36,4
DA:37,1
DA:38,3
DA:39,3
DA:40,3
DA:41,3
DA:42,3
DA:43,3
DA:44,1
DA:45,1
DA:46,1
DA:47,1
DA:48,1
DA:49,1
DA:50,1
DA:51,1
DA:52,1
DA:53,1
DA:54,1
DA:55,1
DA:56,4
DA:57,4
DA:58,11
DA:59,4
DA:60,4
DA:61,4
DA:62,4
DA:63,11
DA:64,1
DA:65,1
DA:66,1
DA:67,1
DA:68,1
DA:69,11
DA:70,1
DA:71,1
DA:72,1
DA:73,11
DA:74,11
DA:75,11
DA:76,11
DA:77,11
DA:78,11
DA:79,11
DA:80,11
DA:81,11
DA:82,11
DA:83,11
DA:84,11
DA:85,6
DA:86,6
DA:87,6
DA:88,6
DA:89,6
DA:90,6
DA:91,6
DA:92,6
DA:93,6
DA:94,6
DA:95,1
DA:96,1
DA:97,6
DA:98,6
DA:99,6
DA:100,6
DA:101,6
DA:102,1
DA:103,1
DA:104,6
DA:105,6
DA:106,6
DA:107,6
DA:108,6
DA:109,6
DA:110,11
DA:111,11
DA:112,11
DA:113,11
DA:114,1
DA:115,1
LF:115
LH:115
BRDA:16,0,0,11
BRDA:20,1,0,3
BRDA:23,2,0,4
BRDA:25,3,0,4
BRDA:26,4,0,4
BRDA:33,5,0,11
BRDA:33,6,0,4
BRDA:36,7,0,3
BRDA:36,8,0,1
BRDA:37,9,0,3
BRDA:46,10,0,1
BRDA:33,11,0,4
BRDA:58,12,0,11
BRDA:58,13,0,4
BRDA:58,14,0,4
BRDA:63,15,0,1
BRDA:64,16,0,1
BRDA:69,17,0,1
BRDA:84,18,0,6
BRDA:94,19,0,1
BRDA:101,20,0,1
BRF:21
BRH:21
end_of_record
